2021-07-26 18:08:03 INFO  homepage:142 - Sent Text in the Home Page is Talent
2021-07-26 18:08:06 INFO  homepage:148 - The Auto suggestive dropdown shows:Talent
2021-07-26 18:08:07 INFO  commonSteps:49 - Talent
2021-07-26 18:08:09 INFO  paywallsteps:41 - Clicking on the add to watchlist button
2021-07-26 18:08:10 INFO  paywallsteps:56 - All minipopup elements are displaying
2021-07-26 18:08:15 INFO  homepage:142 - Sent Text in the Home Page is Talent
2021-07-26 18:08:18 INFO  homepage:148 - The Auto suggestive dropdown shows:Talent
2021-07-26 18:08:20 INFO  commonSteps:49 - Talent
2021-07-26 18:08:25 INFO  paywallsteps:71 - All minipopup elements are displaying
2021-07-26 18:08:34 INFO  homepage:142 - Sent Text in the Home Page is Talent
2021-07-26 18:08:37 INFO  homepage:148 - The Auto suggestive dropdown shows:Talent
2021-07-26 18:08:39 INFO  commonSteps:49 - Talent
2021-07-26 18:08:46 INFO  homepage:142 - Sent Text in the Home Page is Talent
2021-07-26 18:08:50 INFO  homepage:148 - The Auto suggestive dropdown shows:Talent
2021-07-26 18:08:51 INFO  commonSteps:49 - Talent
2021-07-26 18:08:59 INFO  homepage:142 - Sent Text in the Home Page is Talent
2021-07-26 18:09:02 INFO  homepage:148 - The Auto suggestive dropdown shows:Talent
2021-07-26 18:09:04 INFO  commonSteps:49 - Talent
2021-07-26 18:09:11 INFO  homepage:142 - Sent Text in the Home Page is santii's studio
2021-07-26 18:09:14 INFO  homepage:148 - The Auto suggestive dropdown shows:Santii'S Studio
2021-07-26 18:09:16 INFO  commonSteps:40 - Santii's Studio
2021-07-26 18:09:17 INFO  paywallsteps:86 - All minipopup elements are displaying
2021-07-26 18:09:40 INFO  homepage:142 - Sent Text in the Home Page is Talent
2021-07-26 18:09:43 INFO  homepage:148 - The Auto suggestive dropdown shows:Talent
2021-07-26 18:09:45 INFO  commonSteps:49 - Talent
2021-07-26 18:09:57 INFO  shodetailpagesteps:49 - Payment Processed
2021-07-26 18:10:26 INFO  homepage:142 - Sent Text in the Home Page is Talent
2021-07-26 18:10:30 INFO  homepage:148 - The Auto suggestive dropdown shows:Talent
2021-07-26 18:10:31 INFO  commonSteps:49 - Talent
2021-07-26 18:10:35 INFO  shodetailpagesteps:96 - Vakeel Sab Theatrical Trailer
2021-07-26 18:10:35 INFO  shodetailpagesteps:98 - You liked this promo
2021-07-26 18:10:47 INFO  shodetailpagesteps:109 - Vakeel Sab Theatrical Trailer
2021-07-26 18:11:07 INFO  homepage:142 - Sent Text in the Home Page is Talent
2021-07-26 18:11:11 INFO  homepage:148 - The Auto suggestive dropdown shows:Talent
2021-07-26 18:11:12 INFO  commonSteps:49 - Talent
2021-07-26 18:11:26 INFO  shodetailpagesteps:71 - Talent
2021-07-26 18:11:46 INFO  homepage:142 - Sent Text in the Home Page is Talent
2021-07-26 18:11:50 INFO  homepage:148 - The Auto suggestive dropdown shows:Talent
2021-07-26 18:11:51 INFO  commonSteps:49 - Talent
2021-07-26 18:12:35 INFO  homepage:142 - Sent Text in the Home Page is Talent
2021-07-26 18:12:39 INFO  homepage:148 - The Auto suggestive dropdown shows:Talent
2021-07-26 18:12:40 INFO  commonSteps:49 - Talent
2021-07-26 18:13:51 INFO  homepage:142 - Sent Text in the Home Page is Talent
2021-07-26 18:13:54 INFO  homepage:148 - The Auto suggestive dropdown shows:Talent
2021-07-26 18:13:55 INFO  commonSteps:49 - Talent
2021-07-26 18:14:18 INFO  homepage:142 - Sent Text in the Home Page is Paytm
2021-07-26 18:14:21 INFO  homepage:148 - The Auto suggestive dropdown shows:Paytm
2021-07-26 18:14:23 INFO  commonSteps:49 - paytm
2021-07-26 18:14:34 INFO  shodetailpagesteps:147 - Paytm
2021-07-26 18:14:54 INFO  homepage:142 - Sent Text in the Home Page is Sameer
2021-07-26 18:14:58 INFO  homepage:148 - The Auto suggestive dropdown shows:Sameer2
2021-07-26 18:14:58 INFO  homepage:148 - The Auto suggestive dropdown shows:Sameer'S
2021-07-26 18:14:58 INFO  homepage:148 - The Auto suggestive dropdown shows:Sameer Smart
2021-07-26 18:14:58 INFO  homepage:148 - The Auto suggestive dropdown shows:SameerR
2021-07-26 18:14:58 INFO  homepage:148 - The Auto suggestive dropdown shows:Sameer
2021-07-26 18:14:59 INFO  commonSteps:40 - Sameer
2021-07-26 18:15:51 INFO  homepage:142 - Sent Text in the Home Page is Sameer
2021-07-26 18:15:54 INFO  homepage:148 - The Auto suggestive dropdown shows:Sameer2
2021-07-26 18:15:55 INFO  homepage:148 - The Auto suggestive dropdown shows:Sameer'S
2021-07-26 18:15:55 INFO  homepage:148 - The Auto suggestive dropdown shows:Sameer Smart
2021-07-26 18:15:55 INFO  homepage:148 - The Auto suggestive dropdown shows:SameerR
2021-07-26 18:15:55 INFO  homepage:148 - The Auto suggestive dropdown shows:Sameer
2021-07-26 18:15:56 INFO  commonSteps:40 - Sameer
2021-07-26 18:16:25 INFO  homepage:142 - Sent Text in the Home Page is Trail Studio
2021-07-26 18:16:28 INFO  homepage:148 - The Auto suggestive dropdown shows:Trail111
2021-07-26 18:16:28 INFO  homepage:148 - The Auto suggestive dropdown shows:Trail222
2021-07-26 18:16:28 INFO  homepage:148 - The Auto suggestive dropdown shows:Trail Studio
2021-07-26 18:16:30 INFO  commonSteps:40 - Trail Studio
2021-07-26 18:16:31 INFO  studiodetailpagesteps:68 - the toaster message is: You have started following this studio
2021-07-26 18:16:55 INFO  homepage:142 - Sent Text in the Home Page is Trail Studio
2021-07-26 18:16:59 INFO  homepage:148 - The Auto suggestive dropdown shows:Trail111
2021-07-26 18:16:59 INFO  homepage:148 - The Auto suggestive dropdown shows:Trail222
2021-07-26 18:16:59 INFO  homepage:148 - The Auto suggestive dropdown shows:Trail Studio
2021-07-26 18:17:00 INFO  commonSteps:40 - Trail Studio
2021-07-26 18:17:00 INFO  studiodetailpagesteps:106 - 1609389982856-Kaithiaaaofficialateaseraaakarthiaaa
2021-07-26 18:17:11 INFO  studiodetailpagesteps:112 - 1609389982856-Kaithiaaaofficialateaseraaakarthiaaa
2021-07-26 18:17:31 INFO  homepage:142 - Sent Text in the Home Page is Trail Studio
2021-07-26 18:17:35 INFO  homepage:148 - The Auto suggestive dropdown shows:Trail111
2021-07-26 18:17:35 INFO  homepage:148 - The Auto suggestive dropdown shows:Trail222
2021-07-26 18:17:35 INFO  homepage:148 - The Auto suggestive dropdown shows:Trail Studio
2021-07-26 18:17:38 INFO  commonSteps:40 - Trail Studio
2021-07-26 18:17:43 INFO  studiodetailpagesteps:124 - sho2at28thapril
2021-07-26 18:17:44 INFO  studiodetailpagesteps:128 - sho2at28thapril
2021-07-26 18:18:09 INFO  homepage:142 - Sent Text in the Home Page is Trail Studio
2021-07-26 18:18:13 INFO  homepage:148 - The Auto suggestive dropdown shows:Trail111
2021-07-26 18:18:13 INFO  homepage:148 - The Auto suggestive dropdown shows:Trail222
2021-07-26 18:18:13 INFO  homepage:148 - The Auto suggestive dropdown shows:Trail Studio
2021-07-26 18:18:15 INFO  commonSteps:40 - Trail Studio
2021-07-26 18:18:16 INFO  studiodetailpagesteps:96 - shoat30thapril
2021-07-26 18:18:17 INFO  studiodetailpagesteps:99 - shoat30thapril
2021-07-26 18:18:38 INFO  homepage:142 - Sent Text in the Home Page is Talent
2021-07-26 18:18:42 INFO  homepage:148 - The Auto suggestive dropdown shows:Talent
2021-07-26 18:18:43 INFO  commonSteps:49 - Talent
2021-07-26 18:18:49 INFO  videoplayer:110 - Total duration of the video: 01:57
2021-07-26 18:18:50 INFO  videoplayer:115 - 00:04
2021-07-26 18:18:50 INFO  videoplayer:115 - 00:04
2021-07-26 18:18:50 INFO  videoplayer:115 - 00:04
2021-07-26 18:18:50 INFO  videoplayer:115 - 00:04
2021-07-26 18:18:50 INFO  videoplayer:115 - 00:04
2021-07-26 18:18:50 INFO  videoplayer:115 - 00:04
2021-07-26 18:18:50 INFO  videoplayer:115 - 00:04
2021-07-26 18:18:51 INFO  videoplayer:115 - 00:04
2021-07-26 18:18:51 INFO  videoplayer:115 - 00:04
2021-07-26 18:18:51 INFO  videoplayer:115 - 00:04
2021-07-26 18:18:51 INFO  videoplayer:115 - 00:04
2021-07-26 18:18:51 INFO  videoplayer:115 - 00:04
2021-07-26 18:18:51 INFO  videoplayer:115 - 00:05
2021-07-26 18:18:51 INFO  videoplayer:115 - 00:05
2021-07-26 18:18:51 INFO  videoplayer:115 - 00:05
2021-07-26 18:18:51 INFO  videoplayer:115 - 00:05
2021-07-26 18:18:52 INFO  videoplayer:115 - 00:05
2021-07-26 18:18:52 INFO  videoplayer:115 - 00:05
2021-07-26 18:18:52 INFO  videoplayer:115 - 00:05
2021-07-26 18:18:52 INFO  videoplayer:115 - 00:05
2021-07-26 18:18:52 INFO  videoplayer:115 - 00:06
2021-07-26 18:18:52 INFO  videoplayer:115 - 00:06
2021-07-26 18:18:52 INFO  videoplayer:115 - 00:06
2021-07-26 18:18:52 INFO  videoplayer:115 - 00:06
2021-07-26 18:18:52 INFO  videoplayer:115 - 00:06
2021-07-26 18:18:53 INFO  videoplayer:115 - 00:06
2021-07-26 18:18:53 INFO  videoplayer:115 - 00:06
2021-07-26 18:18:53 INFO  videoplayer:115 - 00:06
2021-07-26 18:18:53 INFO  videoplayer:115 - 00:06
2021-07-26 18:18:53 INFO  videoplayer:115 - 00:07
2021-07-26 18:18:53 INFO  videoplayer:115 - 00:07
2021-07-26 18:18:53 INFO  videoplayer:115 - 00:07
2021-07-26 18:18:53 INFO  videoplayer:115 - 00:07
2021-07-26 18:18:54 INFO  videoplayer:115 - 00:07
2021-07-26 18:18:54 INFO  videoplayer:115 - 00:07
2021-07-26 18:18:54 INFO  videoplayer:115 - 00:07
2021-07-26 18:18:54 INFO  videoplayer:115 - 00:07
2021-07-26 18:18:54 INFO  videoplayer:115 - 00:08
2021-07-26 18:18:54 INFO  videoplayer:115 - 00:08
2021-07-26 18:18:54 INFO  videoplayer:115 - 00:08
2021-07-26 18:18:54 INFO  videoplayer:115 - 00:08
2021-07-26 18:18:54 INFO  videoplayer:115 - 00:08
2021-07-26 18:18:55 INFO  videoplayer:115 - 00:08
2021-07-26 18:18:55 INFO  videoplayer:115 - 00:08
2021-07-26 18:18:55 INFO  videoplayer:115 - 00:08
2021-07-26 18:18:55 INFO  videoplayer:115 - 00:08
2021-07-26 18:18:55 INFO  videoplayer:115 - 00:09
2021-07-26 18:18:55 INFO  videoplayer:115 - 00:09
2021-07-26 18:18:55 INFO  videoplayer:115 - 00:09
2021-07-26 18:18:55 INFO  videoplayer:115 - 00:09
2021-07-26 18:18:55 INFO  videoplayer:115 - 00:09
2021-07-26 18:18:55 INFO  videoplayer:115 - 00:09
2021-07-26 18:18:56 INFO  videoplayer:115 - 00:09
2021-07-26 18:18:56 INFO  videoplayer:115 - 00:09
2021-07-26 18:18:56 INFO  videoplayer:115 - 00:09
2021-07-26 18:18:56 INFO  videoplayer:115 - 00:09
2021-07-26 18:18:56 INFO  videoplayer:115 - 00:09
2021-07-26 18:18:56 INFO  videoplayer:115 - 00:09
2021-07-26 18:18:56 INFO  videoplayer:115 - 00:10
2021-07-26 18:18:56 INFO  videoplayer:119 - Video paused at:00:10
2021-07-26 18:19:03 INFO  videoplayer:132 - 00:25
2021-07-26 18:19:05 INFO  videoplayer:132 - 00:37
2021-07-26 19:39:59 INFO  homepage:142 - Sent Text in the Home Page is Talent
2021-07-26 19:40:02 INFO  homepage:148 - The Auto suggestive dropdown shows:Talent
2021-07-26 19:40:04 INFO  commonSteps:49 - Talent
2021-07-26 19:40:06 INFO  paywallsteps:41 - Clicking on the add to watchlist button
2021-07-26 19:40:07 INFO  paywallsteps:56 - All minipopup elements are displaying
2021-07-26 19:40:17 INFO  homepage:142 - Sent Text in the Home Page is Talent
2021-07-26 19:40:20 INFO  homepage:148 - The Auto suggestive dropdown shows:Talent
2021-07-26 19:40:22 INFO  commonSteps:49 - Talent
2021-07-26 19:40:26 INFO  paywallsteps:71 - All minipopup elements are displaying
2021-07-26 19:40:31 INFO  homepage:142 - Sent Text in the Home Page is Talent
2021-07-26 19:40:34 INFO  homepage:148 - The Auto suggestive dropdown shows:Talent
2021-07-26 19:40:36 INFO  commonSteps:49 - Talent
2021-07-26 19:40:47 INFO  homepage:142 - Sent Text in the Home Page is Talent
2021-07-26 19:40:51 INFO  homepage:148 - The Auto suggestive dropdown shows:Talent
2021-07-26 19:40:53 INFO  commonSteps:49 - Talent
2021-07-26 19:40:58 INFO  homepage:142 - Sent Text in the Home Page is Talent
2021-07-26 19:41:01 INFO  homepage:148 - The Auto suggestive dropdown shows:Talent
2021-07-26 19:41:02 INFO  commonSteps:49 - Talent
2021-07-26 19:41:09 INFO  homepage:142 - Sent Text in the Home Page is santii's studio
2021-07-26 19:41:12 INFO  homepage:148 - The Auto suggestive dropdown shows:Santii'S Studio
2021-07-26 19:41:14 INFO  commonSteps:40 - Santii's Studio
2021-07-26 19:41:15 INFO  paywallsteps:86 - All minipopup elements are displaying
2021-07-26 19:41:40 INFO  homepage:142 - Sent Text in the Home Page is Talent
2021-07-26 19:41:43 INFO  homepage:148 - The Auto suggestive dropdown shows:Talent
2021-07-26 19:41:44 INFO  commonSteps:49 - Talent
2021-07-26 19:41:55 INFO  shodetailpagesteps:49 - Payment Processed
2021-07-26 19:42:21 INFO  homepage:142 - Sent Text in the Home Page is Talent
2021-07-26 19:42:24 INFO  homepage:148 - The Auto suggestive dropdown shows:Talent
2021-07-26 19:42:25 INFO  commonSteps:49 - Talent
2021-07-26 19:42:28 INFO  shodetailpagesteps:96 - Vakeel Sab Theatrical Trailer
2021-07-26 19:42:28 INFO  shodetailpagesteps:98 - You liked this promo
2021-07-26 19:42:40 INFO  shodetailpagesteps:109 - Vakeel Sab Theatrical Trailer
2021-07-26 19:43:02 INFO  homepage:142 - Sent Text in the Home Page is Talent
2021-07-26 19:43:05 INFO  homepage:148 - The Auto suggestive dropdown shows:Talent
2021-07-26 19:43:07 INFO  commonSteps:49 - Talent
2021-07-26 19:43:19 INFO  shodetailpagesteps:71 - Talent
2021-07-26 19:43:42 INFO  homepage:142 - Sent Text in the Home Page is Talent
2021-07-26 19:43:45 INFO  homepage:148 - The Auto suggestive dropdown shows:Talent
2021-07-26 19:43:46 INFO  commonSteps:49 - Talent
2021-07-26 19:44:29 INFO  homepage:142 - Sent Text in the Home Page is Talent
2021-07-26 19:44:32 INFO  homepage:148 - The Auto suggestive dropdown shows:Talent
2021-07-26 19:44:33 INFO  commonSteps:49 - Talent
2021-07-26 19:45:45 INFO  homepage:142 - Sent Text in the Home Page is Talent
2021-07-26 19:45:48 INFO  homepage:148 - The Auto suggestive dropdown shows:Talent
2021-07-26 19:45:50 INFO  commonSteps:49 - Talent
2021-07-26 19:46:13 INFO  homepage:142 - Sent Text in the Home Page is Paytm
2021-07-26 19:46:16 INFO  homepage:148 - The Auto suggestive dropdown shows:Paytm
2021-07-26 19:46:17 INFO  commonSteps:49 - paytm
2021-07-26 19:46:28 INFO  shodetailpagesteps:147 - Paytm
2021-07-26 19:46:51 INFO  homepage:142 - Sent Text in the Home Page is Sameer
2021-07-26 19:46:55 INFO  homepage:148 - The Auto suggestive dropdown shows:Sameer2
2021-07-26 19:46:55 INFO  homepage:148 - The Auto suggestive dropdown shows:Sameer'S
2021-07-26 19:46:55 INFO  homepage:148 - The Auto suggestive dropdown shows:Sameer Smart
2021-07-26 19:46:55 INFO  homepage:148 - The Auto suggestive dropdown shows:SameerR
2021-07-26 19:46:55 INFO  homepage:148 - The Auto suggestive dropdown shows:Sameer
2021-07-26 19:46:56 INFO  commonSteps:40 - Sameer
2021-07-26 19:47:47 INFO  homepage:142 - Sent Text in the Home Page is Sameer
2021-07-26 19:47:50 INFO  homepage:148 - The Auto suggestive dropdown shows:Sameer2
2021-07-26 19:47:50 INFO  homepage:148 - The Auto suggestive dropdown shows:Sameer'S
2021-07-26 19:47:50 INFO  homepage:148 - The Auto suggestive dropdown shows:Sameer Smart
2021-07-26 19:47:50 INFO  homepage:148 - The Auto suggestive dropdown shows:SameerR
2021-07-26 19:47:50 INFO  homepage:148 - The Auto suggestive dropdown shows:Sameer
2021-07-26 19:47:51 INFO  commonSteps:40 - Sameer
2021-07-26 19:48:18 INFO  homepage:142 - Sent Text in the Home Page is Trail Studio
2021-07-26 19:48:21 INFO  homepage:148 - The Auto suggestive dropdown shows:Trail111
2021-07-26 19:48:21 INFO  homepage:148 - The Auto suggestive dropdown shows:Trail222
2021-07-26 19:48:21 INFO  homepage:148 - The Auto suggestive dropdown shows:Trail Studio
2021-07-26 19:48:23 INFO  commonSteps:40 - Trail Studio
2021-07-26 19:48:24 INFO  studiodetailpagesteps:68 - the toaster message is: You have started following this studio
2021-07-26 19:48:47 INFO  homepage:142 - Sent Text in the Home Page is Trail Studio
2021-07-26 19:48:50 INFO  homepage:148 - The Auto suggestive dropdown shows:Trail111
2021-07-26 19:48:50 INFO  homepage:148 - The Auto suggestive dropdown shows:Trail222
2021-07-26 19:48:50 INFO  homepage:148 - The Auto suggestive dropdown shows:Trail Studio
2021-07-26 19:48:51 INFO  commonSteps:40 - Trail Studio
2021-07-26 19:48:51 INFO  studiodetailpagesteps:106 - 1609389982856-Kaithiaaaofficialateaseraaakarthiaaa
2021-07-26 19:49:02 INFO  studiodetailpagesteps:112 - 1609389982856-Kaithiaaaofficialateaseraaakarthiaaa
2021-07-26 19:49:24 INFO  homepage:142 - Sent Text in the Home Page is Trail Studio
2021-07-26 19:49:28 INFO  homepage:148 - The Auto suggestive dropdown shows:Trail111
2021-07-26 19:49:28 INFO  homepage:148 - The Auto suggestive dropdown shows:Trail222
2021-07-26 19:49:28 INFO  homepage:148 - The Auto suggestive dropdown shows:Trail Studio
2021-07-26 19:49:29 INFO  commonSteps:40 - Trail Studio
2021-07-26 19:49:34 INFO  studiodetailpagesteps:124 - sho2at28thapril
2021-07-26 19:49:35 INFO  studiodetailpagesteps:128 - sho2at28thapril
2021-07-26 19:49:58 INFO  homepage:142 - Sent Text in the Home Page is Trail Studio
2021-07-26 19:50:02 INFO  homepage:148 - The Auto suggestive dropdown shows:Trail111
2021-07-26 19:50:02 INFO  homepage:148 - The Auto suggestive dropdown shows:Trail222
2021-07-26 19:50:02 INFO  homepage:148 - The Auto suggestive dropdown shows:Trail Studio
2021-07-26 19:50:03 INFO  commonSteps:40 - Trail Studio
2021-07-26 19:50:04 INFO  studiodetailpagesteps:96 - shoat30thapril
2021-07-26 19:50:05 INFO  studiodetailpagesteps:99 - shoat30thapril
2021-07-26 19:50:24 INFO  homepage:142 - Sent Text in the Home Page is Talent
2021-07-26 19:50:28 INFO  homepage:148 - The Auto suggestive dropdown shows:Talent
2021-07-26 19:50:29 INFO  commonSteps:49 - Talent
2021-07-26 19:50:34 INFO  videoplayer:110 - Total duration of the video: 01:57
2021-07-26 19:50:35 INFO  videoplayer:115 - 00:03
2021-07-26 19:50:36 INFO  videoplayer:115 - 00:03
2021-07-26 19:50:36 INFO  videoplayer:115 - 00:03
2021-07-26 19:50:36 INFO  videoplayer:115 - 00:03
2021-07-26 19:50:36 INFO  videoplayer:115 - 00:04
2021-07-26 19:50:36 INFO  videoplayer:115 - 00:04
2021-07-26 19:50:36 INFO  videoplayer:115 - 00:04
2021-07-26 19:50:36 INFO  videoplayer:115 - 00:04
2021-07-26 19:50:36 INFO  videoplayer:115 - 00:04
2021-07-26 19:50:36 INFO  videoplayer:115 - 00:04
2021-07-26 19:50:36 INFO  videoplayer:115 - 00:04
2021-07-26 19:50:36 INFO  videoplayer:115 - 00:04
2021-07-26 19:50:36 INFO  videoplayer:115 - 00:04
2021-07-26 19:50:36 INFO  videoplayer:115 - 00:04
2021-07-26 19:50:36 INFO  videoplayer:115 - 00:04
2021-07-26 19:50:36 INFO  videoplayer:115 - 00:04
2021-07-26 19:50:36 INFO  videoplayer:115 - 00:04
2021-07-26 19:50:36 INFO  videoplayer:115 - 00:04
2021-07-26 19:50:36 INFO  videoplayer:115 - 00:04
2021-07-26 19:50:36 INFO  videoplayer:115 - 00:04
2021-07-26 19:50:37 INFO  videoplayer:115 - 00:04
2021-07-26 19:50:37 INFO  videoplayer:115 - 00:04
2021-07-26 19:50:37 INFO  videoplayer:115 - 00:04
2021-07-26 19:50:37 INFO  videoplayer:115 - 00:04
2021-07-26 19:50:37 INFO  videoplayer:115 - 00:05
2021-07-26 19:50:37 INFO  videoplayer:115 - 00:05
2021-07-26 19:50:37 INFO  videoplayer:115 - 00:05
2021-07-26 19:50:37 INFO  videoplayer:115 - 00:05
2021-07-26 19:50:37 INFO  videoplayer:115 - 00:05
2021-07-26 19:50:37 INFO  videoplayer:115 - 00:05
2021-07-26 19:50:37 INFO  videoplayer:115 - 00:05
2021-07-26 19:50:37 INFO  videoplayer:115 - 00:05
2021-07-26 19:50:37 INFO  videoplayer:115 - 00:05
2021-07-26 19:50:37 INFO  videoplayer:115 - 00:05
2021-07-26 19:50:37 INFO  videoplayer:115 - 00:05
2021-07-26 19:50:37 INFO  videoplayer:115 - 00:05
2021-07-26 19:50:37 INFO  videoplayer:115 - 00:05
2021-07-26 19:50:37 INFO  videoplayer:115 - 00:05
2021-07-26 19:50:37 INFO  videoplayer:115 - 00:05
2021-07-26 19:50:37 INFO  videoplayer:115 - 00:05
2021-07-26 19:50:38 INFO  videoplayer:115 - 00:05
2021-07-26 19:50:38 INFO  videoplayer:115 - 00:05
2021-07-26 19:50:38 INFO  videoplayer:115 - 00:05
2021-07-26 19:50:38 INFO  videoplayer:115 - 00:06
2021-07-26 19:50:38 INFO  videoplayer:115 - 00:06
2021-07-26 19:50:38 INFO  videoplayer:115 - 00:06
2021-07-26 19:50:38 INFO  videoplayer:115 - 00:06
2021-07-26 19:50:38 INFO  videoplayer:115 - 00:06
2021-07-26 19:50:38 INFO  videoplayer:115 - 00:06
2021-07-26 19:50:38 INFO  videoplayer:115 - 00:06
2021-07-26 19:50:38 INFO  videoplayer:115 - 00:06
2021-07-26 19:50:38 INFO  videoplayer:115 - 00:06
2021-07-26 19:50:38 INFO  videoplayer:115 - 00:06
2021-07-26 19:50:38 INFO  videoplayer:115 - 00:06
2021-07-26 19:50:38 INFO  videoplayer:115 - 00:06
2021-07-26 19:50:38 INFO  videoplayer:115 - 00:06
2021-07-26 19:50:38 INFO  videoplayer:115 - 00:06
2021-07-26 19:50:39 INFO  videoplayer:115 - 00:06
2021-07-26 19:50:39 INFO  videoplayer:115 - 00:06
2021-07-26 19:50:39 INFO  videoplayer:115 - 00:06
2021-07-26 19:50:39 INFO  videoplayer:115 - 00:06
2021-07-26 19:50:39 INFO  videoplayer:115 - 00:07
2021-07-26 19:50:39 INFO  videoplayer:115 - 00:07
2021-07-26 19:50:39 INFO  videoplayer:115 - 00:07
2021-07-26 19:50:39 INFO  videoplayer:115 - 00:07
2021-07-26 19:50:39 INFO  videoplayer:115 - 00:07
2021-07-26 19:50:39 INFO  videoplayer:115 - 00:07
2021-07-26 19:50:39 INFO  videoplayer:115 - 00:07
2021-07-26 19:50:39 INFO  videoplayer:115 - 00:07
2021-07-26 19:50:39 INFO  videoplayer:115 - 00:07
2021-07-26 19:50:39 INFO  videoplayer:115 - 00:07
2021-07-26 19:50:39 INFO  videoplayer:115 - 00:07
2021-07-26 19:50:39 INFO  videoplayer:115 - 00:07
2021-07-26 19:50:39 INFO  videoplayer:115 - 00:07
2021-07-26 19:50:39 INFO  videoplayer:115 - 00:07
2021-07-26 19:50:39 INFO  videoplayer:115 - 00:07
2021-07-26 19:50:40 INFO  videoplayer:115 - 00:07
2021-07-26 19:50:40 INFO  videoplayer:115 - 00:07
2021-07-26 19:50:40 INFO  videoplayer:115 - 00:07
2021-07-26 19:50:40 INFO  videoplayer:115 - 00:08
2021-07-26 19:50:40 INFO  videoplayer:115 - 00:08
2021-07-26 19:50:40 INFO  videoplayer:115 - 00:08
2021-07-26 19:50:40 INFO  videoplayer:115 - 00:08
2021-07-26 19:50:40 INFO  videoplayer:115 - 00:08
2021-07-26 19:50:40 INFO  videoplayer:115 - 00:08
2021-07-26 19:50:40 INFO  videoplayer:115 - 00:08
2021-07-26 19:50:40 INFO  videoplayer:115 - 00:08
2021-07-26 19:50:40 INFO  videoplayer:115 - 00:08
2021-07-26 19:50:40 INFO  videoplayer:115 - 00:08
2021-07-26 19:50:40 INFO  videoplayer:115 - 00:08
2021-07-26 19:50:40 INFO  videoplayer:115 - 00:08
2021-07-26 19:50:41 INFO  videoplayer:115 - 00:08
2021-07-26 19:50:41 INFO  videoplayer:115 - 00:08
2021-07-26 19:50:41 INFO  videoplayer:115 - 00:08
2021-07-26 19:50:41 INFO  videoplayer:115 - 00:08
2021-07-26 19:50:41 INFO  videoplayer:115 - 00:08
2021-07-26 19:50:41 INFO  videoplayer:115 - 00:09
2021-07-26 19:50:41 INFO  videoplayer:115 - 00:09
2021-07-26 19:50:41 INFO  videoplayer:115 - 00:09
2021-07-26 19:50:41 INFO  videoplayer:115 - 00:09
2021-07-26 19:50:41 INFO  videoplayer:115 - 00:09
2021-07-26 19:50:41 INFO  videoplayer:115 - 00:09
2021-07-26 19:50:41 INFO  videoplayer:115 - 00:09
2021-07-26 19:50:41 INFO  videoplayer:115 - 00:09
2021-07-26 19:50:41 INFO  videoplayer:115 - 00:09
2021-07-26 19:50:41 INFO  videoplayer:115 - 00:09
2021-07-26 19:50:41 INFO  videoplayer:115 - 00:09
2021-07-26 19:50:41 INFO  videoplayer:115 - 00:09
2021-07-26 19:50:41 INFO  videoplayer:115 - 00:09
2021-07-26 19:50:42 INFO  videoplayer:115 - 00:09
2021-07-26 19:50:42 INFO  videoplayer:115 - 00:09
2021-07-26 19:50:42 INFO  videoplayer:115 - 00:09
2021-07-26 19:50:42 INFO  videoplayer:115 - 00:09
2021-07-26 19:50:42 INFO  videoplayer:115 - 00:10
2021-07-26 19:50:42 INFO  videoplayer:119 - Video paused at:00:10
2021-07-26 19:50:48 INFO  videoplayer:132 - 00:25
2021-07-26 19:50:50 INFO  videoplayer:132 - 00:37
2021-07-26 20:11:29 INFO  homepage:142 - Sent Text in the Home Page is Talent
2021-07-26 20:11:33 INFO  homepage:148 - The Auto suggestive dropdown shows:Talent
2021-07-26 20:11:34 INFO  commonSteps:49 - Talent
2021-07-26 20:11:36 INFO  paywallsteps:41 - Clicking on the add to watchlist button
2021-07-26 20:11:37 INFO  paywallsteps:56 - All minipopup elements are displaying
2021-07-26 20:11:46 INFO  homepage:142 - Sent Text in the Home Page is Talent
2021-07-26 20:11:49 INFO  homepage:148 - The Auto suggestive dropdown shows:Talent
2021-07-26 20:11:50 INFO  commonSteps:49 - Talent
2021-07-26 20:11:55 INFO  paywallsteps:71 - All minipopup elements are displaying
2021-07-26 20:12:00 INFO  homepage:142 - Sent Text in the Home Page is Talent
2021-07-26 20:12:03 INFO  homepage:148 - The Auto suggestive dropdown shows:Talent
2021-07-26 20:12:05 INFO  commonSteps:49 - Talent
2021-07-26 20:12:12 INFO  homepage:142 - Sent Text in the Home Page is Talent
2021-07-26 20:12:15 INFO  homepage:148 - The Auto suggestive dropdown shows:Talent
2021-07-26 20:12:17 INFO  commonSteps:49 - Talent
2021-07-26 20:12:21 INFO  homepage:142 - Sent Text in the Home Page is Talent
2021-07-26 20:12:24 INFO  homepage:148 - The Auto suggestive dropdown shows:Talent
2021-07-26 20:12:26 INFO  commonSteps:49 - Talent
2021-07-26 20:12:33 INFO  homepage:142 - Sent Text in the Home Page is santii's studio
2021-07-26 20:12:36 INFO  homepage:148 - The Auto suggestive dropdown shows:Santii'S Studio
2021-07-26 20:12:38 INFO  commonSteps:40 - Santii's Studio
2021-07-26 20:12:39 INFO  paywallsteps:86 - All minipopup elements are displaying
2021-07-26 20:13:04 INFO  homepage:142 - Sent Text in the Home Page is Talent
2021-07-26 20:13:07 INFO  homepage:148 - The Auto suggestive dropdown shows:Talent
2021-07-26 20:13:08 INFO  commonSteps:49 - Talent
2021-07-26 20:13:20 INFO  shodetailpagesteps:49 - Payment Processed
2021-07-26 20:13:45 INFO  homepage:142 - Sent Text in the Home Page is Talent
2021-07-26 20:13:48 INFO  homepage:148 - The Auto suggestive dropdown shows:Talent
2021-07-26 20:13:49 INFO  commonSteps:49 - Talent
2021-07-26 20:13:52 INFO  shodetailpagesteps:96 - Vakeel Sab Theatrical Trailer
2021-07-26 20:13:52 INFO  shodetailpagesteps:98 - You liked this promo
2021-07-26 20:14:03 INFO  shodetailpagesteps:109 - Vakeel Sab Theatrical Trailer
2021-07-26 20:14:26 INFO  homepage:142 - Sent Text in the Home Page is Talent
2021-07-26 20:14:30 INFO  homepage:148 - The Auto suggestive dropdown shows:Talent
2021-07-26 20:14:31 INFO  commonSteps:49 - Talent
2021-07-26 20:14:43 INFO  shodetailpagesteps:71 - Talent
2021-07-26 20:15:06 INFO  homepage:142 - Sent Text in the Home Page is Talent
2021-07-26 20:15:10 INFO  homepage:148 - The Auto suggestive dropdown shows:Talent
2021-07-26 20:15:11 INFO  commonSteps:49 - Talent
2021-07-26 20:15:55 INFO  homepage:142 - Sent Text in the Home Page is Talent
2021-07-26 20:15:59 INFO  homepage:148 - The Auto suggestive dropdown shows:Talent
2021-07-26 20:16:00 INFO  commonSteps:49 - Talent
2021-07-26 20:17:13 INFO  homepage:142 - Sent Text in the Home Page is Talent
2021-07-26 20:17:16 INFO  homepage:148 - The Auto suggestive dropdown shows:Talent
2021-07-26 20:17:18 INFO  commonSteps:49 - Talent
2021-07-26 20:17:42 INFO  homepage:142 - Sent Text in the Home Page is Paytm
2021-07-26 20:17:45 INFO  homepage:148 - The Auto suggestive dropdown shows:Paytm
2021-07-26 20:17:46 INFO  commonSteps:49 - paytm
2021-07-26 20:17:57 INFO  shodetailpagesteps:147 - Paytm
2021-07-26 20:18:21 INFO  homepage:142 - Sent Text in the Home Page is Sameer
2021-07-26 20:18:24 INFO  homepage:148 - The Auto suggestive dropdown shows:Sameer2
2021-07-26 20:18:24 INFO  homepage:148 - The Auto suggestive dropdown shows:Sameer'S
2021-07-26 20:18:24 INFO  homepage:148 - The Auto suggestive dropdown shows:Sameer Smart
2021-07-26 20:18:24 INFO  homepage:148 - The Auto suggestive dropdown shows:SameerR
2021-07-26 20:18:24 INFO  homepage:148 - The Auto suggestive dropdown shows:Sameer
2021-07-26 20:18:26 INFO  commonSteps:40 - Sameer
2021-07-26 20:19:28 INFO  homepage:142 - Sent Text in the Home Page is Sameer
2021-07-26 20:19:31 INFO  homepage:148 - The Auto suggestive dropdown shows:Sameer2
2021-07-26 20:19:31 INFO  homepage:148 - The Auto suggestive dropdown shows:Sameer'S
2021-07-26 20:19:31 INFO  homepage:148 - The Auto suggestive dropdown shows:Sameer Smart
2021-07-26 20:19:32 INFO  homepage:148 - The Auto suggestive dropdown shows:SameerR
2021-07-26 20:19:32 INFO  homepage:148 - The Auto suggestive dropdown shows:Sameer
2021-07-26 20:19:33 INFO  commonSteps:40 - Sameer
2021-07-26 20:20:03 INFO  homepage:142 - Sent Text in the Home Page is Trail Studio
2021-07-26 20:20:07 INFO  homepage:148 - The Auto suggestive dropdown shows:Trail111
2021-07-26 20:20:07 INFO  homepage:148 - The Auto suggestive dropdown shows:Trail222
2021-07-26 20:20:07 INFO  homepage:148 - The Auto suggestive dropdown shows:Trail Studio
2021-07-26 20:20:08 INFO  commonSteps:40 - Trail Studio
2021-07-26 20:20:10 INFO  studiodetailpagesteps:68 - the toaster message is: You have started following this studio
2021-07-26 20:20:33 INFO  homepage:142 - Sent Text in the Home Page is Trail Studio
2021-07-26 20:20:36 INFO  homepage:148 - The Auto suggestive dropdown shows:Trail111
2021-07-26 20:20:37 INFO  homepage:148 - The Auto suggestive dropdown shows:Trail222
2021-07-26 20:20:37 INFO  homepage:148 - The Auto suggestive dropdown shows:Trail Studio
2021-07-26 20:20:38 INFO  commonSteps:40 - Trail Studio
2021-07-26 20:20:38 INFO  studiodetailpagesteps:106 - 1609389982856-Kaithiaaaofficialateaseraaakarthiaaa
2021-07-26 20:20:49 INFO  studiodetailpagesteps:112 - 1609389982856-Kaithiaaaofficialateaseraaakarthiaaa
2021-07-26 20:21:08 INFO  homepage:142 - Sent Text in the Home Page is Trail Studio
2021-07-26 20:21:11 INFO  homepage:148 - The Auto suggestive dropdown shows:Trail111
2021-07-26 20:21:11 INFO  homepage:148 - The Auto suggestive dropdown shows:Trail222
2021-07-26 20:21:11 INFO  homepage:148 - The Auto suggestive dropdown shows:Trail Studio
2021-07-26 20:21:13 INFO  commonSteps:40 - Trail Studio
2021-07-26 20:21:17 INFO  studiodetailpagesteps:124 - sho2at28thapril
2021-07-26 20:21:18 INFO  studiodetailpagesteps:128 - sho2at28thapril
2021-07-26 20:21:42 INFO  homepage:142 - Sent Text in the Home Page is Trail Studio
2021-07-26 20:21:45 INFO  homepage:148 - The Auto suggestive dropdown shows:Trail111
2021-07-26 20:21:45 INFO  homepage:148 - The Auto suggestive dropdown shows:Trail222
2021-07-26 20:21:45 INFO  homepage:148 - The Auto suggestive dropdown shows:Trail Studio
2021-07-26 20:21:47 INFO  commonSteps:40 - Trail Studio
2021-07-26 20:21:48 INFO  studiodetailpagesteps:96 - shoat30thapril
2021-07-26 20:21:49 INFO  studiodetailpagesteps:99 - shoat30thapril
2021-07-26 20:22:08 INFO  homepage:142 - Sent Text in the Home Page is Talent
2021-07-26 20:22:11 INFO  homepage:148 - The Auto suggestive dropdown shows:Talent
2021-07-26 20:22:12 INFO  commonSteps:49 - Talent
2021-07-26 20:22:18 INFO  videoplayer:110 - Total duration of the video: 01:57
2021-07-26 20:22:19 INFO  videoplayer:115 - 00:04
2021-07-26 20:22:19 INFO  videoplayer:115 - 00:04
2021-07-26 20:22:19 INFO  videoplayer:115 - 00:04
2021-07-26 20:22:19 INFO  videoplayer:115 - 00:04
2021-07-26 20:22:19 INFO  videoplayer:115 - 00:04
2021-07-26 20:22:19 INFO  videoplayer:115 - 00:04
2021-07-26 20:22:19 INFO  videoplayer:115 - 00:04
2021-07-26 20:22:19 INFO  videoplayer:115 - 00:04
2021-07-26 20:22:19 INFO  videoplayer:115 - 00:04
2021-07-26 20:22:19 INFO  videoplayer:115 - 00:04
2021-07-26 20:22:19 INFO  videoplayer:115 - 00:04
2021-07-26 20:22:19 INFO  videoplayer:115 - 00:04
2021-07-26 20:22:19 INFO  videoplayer:115 - 00:04
2021-07-26 20:22:19 INFO  videoplayer:115 - 00:04
2021-07-26 20:22:19 INFO  videoplayer:115 - 00:04
2021-07-26 20:22:20 INFO  videoplayer:115 - 00:04
2021-07-26 20:22:20 INFO  videoplayer:115 - 00:04
2021-07-26 20:22:20 INFO  videoplayer:115 - 00:04
2021-07-26 20:22:20 INFO  videoplayer:115 - 00:04
2021-07-26 20:22:20 INFO  videoplayer:115 - 00:04
2021-07-26 20:22:20 INFO  videoplayer:115 - 00:04
2021-07-26 20:22:20 INFO  videoplayer:115 - 00:05
2021-07-26 20:22:20 INFO  videoplayer:115 - 00:05
2021-07-26 20:22:20 INFO  videoplayer:115 - 00:05
2021-07-26 20:22:20 INFO  videoplayer:115 - 00:05
2021-07-26 20:22:20 INFO  videoplayer:115 - 00:05
2021-07-26 20:22:20 INFO  videoplayer:115 - 00:05
2021-07-26 20:22:20 INFO  videoplayer:115 - 00:05
2021-07-26 20:22:20 INFO  videoplayer:115 - 00:05
2021-07-26 20:22:20 INFO  videoplayer:115 - 00:05
2021-07-26 20:22:20 INFO  videoplayer:115 - 00:05
2021-07-26 20:22:20 INFO  videoplayer:115 - 00:05
2021-07-26 20:22:20 INFO  videoplayer:115 - 00:05
2021-07-26 20:22:20 INFO  videoplayer:115 - 00:05
2021-07-26 20:22:21 INFO  videoplayer:115 - 00:05
2021-07-26 20:22:21 INFO  videoplayer:115 - 00:05
2021-07-26 20:22:21 INFO  videoplayer:115 - 00:05
2021-07-26 20:22:21 INFO  videoplayer:115 - 00:05
2021-07-26 20:22:21 INFO  videoplayer:115 - 00:06
2021-07-26 20:22:21 INFO  videoplayer:115 - 00:06
2021-07-26 20:22:21 INFO  videoplayer:115 - 00:06
2021-07-26 20:22:21 INFO  videoplayer:115 - 00:06
2021-07-26 20:22:21 INFO  videoplayer:115 - 00:06
2021-07-26 20:22:21 INFO  videoplayer:115 - 00:06
2021-07-26 20:22:21 INFO  videoplayer:115 - 00:06
2021-07-26 20:22:21 INFO  videoplayer:115 - 00:06
2021-07-26 20:22:21 INFO  videoplayer:115 - 00:06
2021-07-26 20:22:21 INFO  videoplayer:115 - 00:06
2021-07-26 20:22:21 INFO  videoplayer:115 - 00:06
2021-07-26 20:22:21 INFO  videoplayer:115 - 00:06
2021-07-26 20:22:21 INFO  videoplayer:115 - 00:06
2021-07-26 20:22:21 INFO  videoplayer:115 - 00:06
2021-07-26 20:22:22 INFO  videoplayer:115 - 00:06
2021-07-26 20:22:22 INFO  videoplayer:115 - 00:06
2021-07-26 20:22:22 INFO  videoplayer:115 - 00:06
2021-07-26 20:22:22 INFO  videoplayer:115 - 00:06
2021-07-26 20:22:22 INFO  videoplayer:115 - 00:06
2021-07-26 20:22:22 INFO  videoplayer:115 - 00:06
2021-07-26 20:22:22 INFO  videoplayer:115 - 00:06
2021-07-26 20:22:22 INFO  videoplayer:115 - 00:06
2021-07-26 20:22:22 INFO  videoplayer:115 - 00:06
2021-07-26 20:22:22 INFO  videoplayer:115 - 00:06
2021-07-26 20:22:22 INFO  videoplayer:115 - 00:07
2021-07-26 20:22:22 INFO  videoplayer:115 - 00:07
2021-07-26 20:22:22 INFO  videoplayer:115 - 00:07
2021-07-26 20:22:22 INFO  videoplayer:115 - 00:07
2021-07-26 20:22:22 INFO  videoplayer:115 - 00:07
2021-07-26 20:22:22 INFO  videoplayer:115 - 00:07
2021-07-26 20:22:22 INFO  videoplayer:115 - 00:07
2021-07-26 20:22:22 INFO  videoplayer:115 - 00:07
2021-07-26 20:22:22 INFO  videoplayer:115 - 00:07
2021-07-26 20:22:23 INFO  videoplayer:115 - 00:07
2021-07-26 20:22:23 INFO  videoplayer:115 - 00:07
2021-07-26 20:22:23 INFO  videoplayer:115 - 00:07
2021-07-26 20:22:23 INFO  videoplayer:115 - 00:07
2021-07-26 20:22:23 INFO  videoplayer:115 - 00:07
2021-07-26 20:22:23 INFO  videoplayer:115 - 00:07
2021-07-26 20:22:23 INFO  videoplayer:115 - 00:07
2021-07-26 20:22:23 INFO  videoplayer:115 - 00:08
2021-07-26 20:22:23 INFO  videoplayer:115 - 00:08
2021-07-26 20:22:23 INFO  videoplayer:115 - 00:08
2021-07-26 20:22:23 INFO  videoplayer:115 - 00:08
2021-07-26 20:22:23 INFO  videoplayer:115 - 00:08
2021-07-26 20:22:23 INFO  videoplayer:115 - 00:08
2021-07-26 20:22:23 INFO  videoplayer:115 - 00:08
2021-07-26 20:22:23 INFO  videoplayer:115 - 00:08
2021-07-26 20:22:23 INFO  videoplayer:115 - 00:08
2021-07-26 20:22:24 INFO  videoplayer:115 - 00:08
2021-07-26 20:22:24 INFO  videoplayer:115 - 00:08
2021-07-26 20:22:24 INFO  videoplayer:115 - 00:08
2021-07-26 20:22:24 INFO  videoplayer:115 - 00:08
2021-07-26 20:22:24 INFO  videoplayer:115 - 00:08
2021-07-26 20:22:24 INFO  videoplayer:115 - 00:08
2021-07-26 20:22:24 INFO  videoplayer:115 - 00:08
2021-07-26 20:22:24 INFO  videoplayer:115 - 00:08
2021-07-26 20:22:24 INFO  videoplayer:115 - 00:08
2021-07-26 20:22:24 INFO  videoplayer:115 - 00:08
2021-07-26 20:22:24 INFO  videoplayer:115 - 00:08
2021-07-26 20:22:24 INFO  videoplayer:115 - 00:08
2021-07-26 20:22:24 INFO  videoplayer:115 - 00:09
2021-07-26 20:22:24 INFO  videoplayer:115 - 00:09
2021-07-26 20:22:24 INFO  videoplayer:115 - 00:09
2021-07-26 20:22:24 INFO  videoplayer:115 - 00:09
2021-07-26 20:22:24 INFO  videoplayer:115 - 00:09
2021-07-26 20:22:24 INFO  videoplayer:115 - 00:09
2021-07-26 20:22:25 INFO  videoplayer:115 - 00:09
2021-07-26 20:22:25 INFO  videoplayer:115 - 00:09
2021-07-26 20:22:25 INFO  videoplayer:115 - 00:09
2021-07-26 20:22:25 INFO  videoplayer:115 - 00:09
2021-07-26 20:22:25 INFO  videoplayer:115 - 00:09
2021-07-26 20:22:25 INFO  videoplayer:115 - 00:09
2021-07-26 20:22:25 INFO  videoplayer:115 - 00:09
2021-07-26 20:22:25 INFO  videoplayer:115 - 00:09
2021-07-26 20:22:25 INFO  videoplayer:115 - 00:09
2021-07-26 20:22:25 INFO  videoplayer:115 - 00:09
2021-07-26 20:22:25 INFO  videoplayer:115 - 00:10
2021-07-26 20:22:25 INFO  videoplayer:119 - Video paused at:00:10
2021-07-26 20:22:31 INFO  videoplayer:132 - 00:25
2021-07-26 20:22:33 INFO  videoplayer:132 - 00:37
2021-07-27 16:09:44 INFO  homepage:142 - Sent Text in the Home Page is Paytm
2021-07-27 16:09:47 INFO  homepage:148 - The Auto suggestive dropdown shows:Paytm
2021-07-27 16:09:50 INFO  commonSteps:49 - paytm
2021-07-27 16:10:01 INFO  shodetailpagesteps:142 - Resume
2021-07-27 16:12:11 INFO  homepage:142 - Sent Text in the Home Page is Paytm
2021-07-27 16:12:14 INFO  homepage:148 - The Auto suggestive dropdown shows:Paytm
2021-07-27 16:12:16 INFO  commonSteps:49 - paytm
2021-07-27 16:12:27 INFO  shodetailpagesteps:142 - Resume
2021-07-27 16:13:47 INFO  homepage:142 - Sent Text in the Home Page is Paytm
2021-07-27 16:13:50 INFO  homepage:148 - The Auto suggestive dropdown shows:Paytm
2021-07-27 16:13:52 INFO  commonSteps:49 - paytm
2021-07-27 16:14:03 INFO  shodetailpagesteps:142 - Resume
2021-07-27 16:14:04 INFO  shodetailpagesteps:155 - Paytm
2021-07-27 18:08:25 INFO  homepage:142 - Sent Text in the Home Page is Paytm
2021-07-27 18:08:28 INFO  homepage:148 - The Auto suggestive dropdown shows:Paytm
2021-07-27 18:08:29 INFO  commonSteps:49 - paytm
2021-07-27 18:08:40 INFO  shodetailpagesteps:142 - Watch Now
2021-07-27 18:12:05 INFO  homepage:142 - Sent Text in the Home Page is Paytm
2021-07-27 18:12:08 INFO  homepage:148 - The Auto suggestive dropdown shows:Paytm
2021-07-27 18:12:09 INFO  commonSteps:49 - paytm
2021-07-27 18:12:20 INFO  shodetailpagesteps:142 - Resume
2021-07-27 18:12:20 INFO  shodetailpagesteps:155 - Paytm
2021-07-28 10:33:26 INFO  homepage:142 - Sent Text in the Home Page is <studioname>
2021-07-28 10:37:08 INFO  homepage:142 - Sent Text in the Home Page is Sameer
2021-07-28 10:37:11 INFO  homepage:148 - The Auto suggestive dropdown shows:Sameer2
2021-07-28 10:37:11 INFO  homepage:148 - The Auto suggestive dropdown shows:Sameer'S
2021-07-28 10:37:12 INFO  homepage:148 - The Auto suggestive dropdown shows:Sameer Smart
2021-07-28 10:37:12 INFO  homepage:148 - The Auto suggestive dropdown shows:SameerR
2021-07-28 10:37:12 INFO  homepage:148 - The Auto suggestive dropdown shows:Sameer
2021-07-28 10:37:13 INFO  commonSteps:40 - Sameer
2021-07-28 10:37:39 INFO  homepage:142 - Sent Text in the Home Page is Sameer
2021-07-28 10:37:42 INFO  homepage:148 - The Auto suggestive dropdown shows:Sameer2
2021-07-28 10:37:42 INFO  homepage:148 - The Auto suggestive dropdown shows:Sameer'S
2021-07-28 10:37:42 INFO  homepage:148 - The Auto suggestive dropdown shows:Sameer Smart
2021-07-28 10:37:43 INFO  homepage:148 - The Auto suggestive dropdown shows:SameerR
2021-07-28 10:37:43 INFO  homepage:148 - The Auto suggestive dropdown shows:Sameer
2021-07-28 10:37:44 INFO  commonSteps:40 - Sameer
2021-07-28 10:38:37 INFO  homepage:142 - Sent Text in the Home Page is Sameer
2021-07-28 10:38:41 INFO  homepage:148 - The Auto suggestive dropdown shows:Sameer2
2021-07-28 10:38:41 INFO  homepage:148 - The Auto suggestive dropdown shows:Sameer'S
2021-07-28 10:38:41 INFO  homepage:148 - The Auto suggestive dropdown shows:Sameer Smart
2021-07-28 10:38:41 INFO  homepage:148 - The Auto suggestive dropdown shows:SameerR
2021-07-28 10:38:41 INFO  homepage:148 - The Auto suggestive dropdown shows:Sameer
2021-07-28 10:38:43 INFO  commonSteps:40 - Sameer
2021-07-28 10:38:44 INFO  studiodetailpagesteps:47 - Narappa
2021-07-28 10:39:04 INFO  homepage:142 - Sent Text in the Home Page is Trail Studio
2021-07-28 10:39:08 INFO  homepage:148 - The Auto suggestive dropdown shows:Trail111
2021-07-28 10:39:08 INFO  homepage:148 - The Auto suggestive dropdown shows:Trail222
2021-07-28 10:39:08 INFO  homepage:148 - The Auto suggestive dropdown shows:Trail Studio
2021-07-28 10:39:09 INFO  commonSteps:40 - Trail Studio
2021-07-28 10:39:52 INFO  homepage:142 - Sent Text in the Home Page is Trail Studio
2021-07-28 10:39:56 INFO  homepage:148 - The Auto suggestive dropdown shows:Trail111
2021-07-28 10:39:56 INFO  homepage:148 - The Auto suggestive dropdown shows:Trail222
2021-07-28 10:39:56 INFO  homepage:148 - The Auto suggestive dropdown shows:Trail Studio
2021-07-28 10:39:57 INFO  commonSteps:40 - Trail Studio
2021-07-28 10:39:57 INFO  studiodetailpagesteps:107 - 1609389982856-Kaithiaaaofficialateaseraaakarthiaaa
2021-07-28 10:40:39 INFO  homepage:142 - Sent Text in the Home Page is Trail Studio
2021-07-28 10:40:42 INFO  homepage:148 - The Auto suggestive dropdown shows:Trail111
2021-07-28 10:40:42 INFO  homepage:148 - The Auto suggestive dropdown shows:Trail222
2021-07-28 10:40:43 INFO  homepage:148 - The Auto suggestive dropdown shows:Trail Studio
2021-07-28 10:40:44 INFO  commonSteps:40 - Trail Studio
2021-07-28 10:40:48 INFO  studiodetailpagesteps:125 - sho2at28thapril
2021-07-28 10:41:14 INFO  homepage:142 - Sent Text in the Home Page is Trail Studio
2021-07-28 10:41:17 INFO  homepage:148 - The Auto suggestive dropdown shows:Trail111
2021-07-28 10:41:17 INFO  homepage:148 - The Auto suggestive dropdown shows:Trail222
2021-07-28 10:41:17 INFO  homepage:148 - The Auto suggestive dropdown shows:Trail Studio
2021-07-28 10:41:18 INFO  commonSteps:40 - Trail Studio
2021-07-28 10:41:20 INFO  studiodetailpagesteps:97 - shoat30thapril
2021-07-28 10:41:20 INFO  studiodetailpagesteps:100 - shoat30thapril
2021-07-28 10:50:07 INFO  homepage:142 - Sent Text in the Home Page is Sameer
2021-07-28 10:50:10 INFO  homepage:148 - The Auto suggestive dropdown shows:Sameer2
2021-07-28 10:50:10 INFO  homepage:148 - The Auto suggestive dropdown shows:Sameer'S
2021-07-28 10:50:10 INFO  homepage:148 - The Auto suggestive dropdown shows:Sameer Smart
2021-07-28 10:50:10 INFO  homepage:148 - The Auto suggestive dropdown shows:SameerR
2021-07-28 10:50:11 INFO  homepage:148 - The Auto suggestive dropdown shows:Sameer
2021-07-28 10:50:12 INFO  commonSteps:40 - Sameer
2021-07-28 10:51:06 INFO  homepage:142 - Sent Text in the Home Page is Sameer
2021-07-28 10:51:10 INFO  homepage:148 - The Auto suggestive dropdown shows:Sameer2
2021-07-28 10:51:10 INFO  homepage:148 - The Auto suggestive dropdown shows:Sameer'S
2021-07-28 10:51:10 INFO  homepage:148 - The Auto suggestive dropdown shows:Sameer Smart
2021-07-28 10:51:10 INFO  homepage:148 - The Auto suggestive dropdown shows:SameerR
2021-07-28 10:51:10 INFO  homepage:148 - The Auto suggestive dropdown shows:Sameer
2021-07-28 10:51:11 INFO  commonSteps:40 - Sameer
2021-07-28 10:51:12 INFO  studiodetailpagesteps:47 - Narappa
2021-07-28 10:51:37 INFO  homepage:142 - Sent Text in the Home Page is Trail Studio
2021-07-28 10:51:40 INFO  homepage:148 - The Auto suggestive dropdown shows:Trail111
2021-07-28 10:51:40 INFO  homepage:148 - The Auto suggestive dropdown shows:Trail222
2021-07-28 10:51:40 INFO  homepage:148 - The Auto suggestive dropdown shows:Trail Studio
2021-07-28 10:51:42 INFO  commonSteps:40 - Trail Studio
2021-07-28 10:51:42 INFO  studiodetailpagesteps:69 - the toaster message is: You have started following this studio
2021-07-28 10:52:09 INFO  homepage:142 - Sent Text in the Home Page is Trail Studio
2021-07-28 10:52:13 INFO  homepage:148 - The Auto suggestive dropdown shows:Trail111
2021-07-28 10:52:13 INFO  homepage:148 - The Auto suggestive dropdown shows:Trail222
2021-07-28 10:52:13 INFO  homepage:148 - The Auto suggestive dropdown shows:Trail Studio
2021-07-28 10:52:14 INFO  commonSteps:40 - Trail Studio
2021-07-28 10:52:14 INFO  studiodetailpagesteps:107 - 1609389982856-Kaithiaaaofficialateaseraaakarthiaaa
2021-07-28 10:52:24 INFO  studiodetailpagesteps:113 - 1609389982856-Kaithiaaaofficialateaseraaakarthiaaa
2021-07-28 10:52:45 INFO  homepage:142 - Sent Text in the Home Page is Trail Studio
2021-07-28 10:52:49 INFO  homepage:148 - The Auto suggestive dropdown shows:Trail111
2021-07-28 10:52:49 INFO  homepage:148 - The Auto suggestive dropdown shows:Trail222
2021-07-28 10:52:49 INFO  homepage:148 - The Auto suggestive dropdown shows:Trail Studio
2021-07-28 10:52:50 INFO  commonSteps:40 - Trail Studio
2021-07-28 10:52:55 INFO  studiodetailpagesteps:125 - sho2at28thapril
2021-07-28 10:53:18 INFO  homepage:142 - Sent Text in the Home Page is Trail Studio
2021-07-28 10:53:22 INFO  homepage:148 - The Auto suggestive dropdown shows:Trail111
2021-07-28 10:53:22 INFO  homepage:148 - The Auto suggestive dropdown shows:Trail222
2021-07-28 10:53:22 INFO  homepage:148 - The Auto suggestive dropdown shows:Trail Studio
2021-07-28 10:53:23 INFO  commonSteps:40 - Trail Studio
2021-07-28 10:53:24 INFO  studiodetailpagesteps:97 - shoat30thapril
2021-07-28 10:53:25 INFO  studiodetailpagesteps:100 - shoat30thapril
2021-07-28 12:01:02 INFO  homepage:142 - Sent Text in the Home Page is Trail Studio
2021-07-28 12:01:05 INFO  homepage:148 - The Auto suggestive dropdown shows:Trail111
2021-07-28 12:01:05 INFO  homepage:148 - The Auto suggestive dropdown shows:Trail222
2021-07-28 12:01:05 INFO  homepage:148 - The Auto suggestive dropdown shows:Trail Studio
2021-07-28 12:01:07 INFO  commonSteps:40 - Trail Studio
2021-07-28 12:01:07 INFO  studiodetailpagesteps:107 - 1609389982856-Kaithiaaaofficialateaseraaakarthiaaa
2021-07-28 12:01:17 INFO  studiodetailpagesteps:113 - 1609389982856-Kaithiaaaofficialateaseraaakarthiaaa
2021-07-28 12:01:39 INFO  homepage:142 - Sent Text in the Home Page is Trail Studio
2021-07-28 12:01:43 INFO  homepage:148 - The Auto suggestive dropdown shows:Trail111
2021-07-28 12:01:43 INFO  homepage:148 - The Auto suggestive dropdown shows:Trail222
2021-07-28 12:01:43 INFO  homepage:148 - The Auto suggestive dropdown shows:Trail Studio
2021-07-28 12:01:44 INFO  commonSteps:40 - Trail Studio
2021-07-28 12:01:47 INFO  studiodetailpagesteps:125 - sho2at28thapril
2021-07-28 12:02:30 INFO  homepage:142 - Sent Text in the Home Page is Trail Studio
2021-07-28 12:02:33 INFO  homepage:148 - The Auto suggestive dropdown shows:Trail111
2021-07-28 12:02:33 INFO  homepage:148 - The Auto suggestive dropdown shows:Trail222
2021-07-28 12:02:33 INFO  homepage:148 - The Auto suggestive dropdown shows:Trail Studio
2021-07-28 12:02:35 INFO  commonSteps:40 - Trail Studio
2021-07-28 12:02:36 INFO  studiodetailpagesteps:97 - shoat30thapril
2021-07-28 12:02:37 INFO  studiodetailpagesteps:100 - shoat30thapril
2021-07-28 12:04:09 INFO  homepage:142 - Sent Text in the Home Page is Trail Studio
2021-07-28 12:04:12 INFO  homepage:148 - The Auto suggestive dropdown shows:Trail111
2021-07-28 12:04:12 INFO  homepage:148 - The Auto suggestive dropdown shows:Trail222
2021-07-28 12:04:12 INFO  homepage:148 - The Auto suggestive dropdown shows:Trail Studio
2021-07-28 12:04:14 INFO  commonSteps:40 - Trail Studio
2021-07-28 12:04:18 INFO  studiodetailpagesteps:125 - sho2at28thapril
2021-07-28 12:04:19 INFO  studiodetailpagesteps:130 - sho2at28thapril
2021-07-28 12:07:40 INFO  homepage:142 - Sent Text in the Home Page is Trail Studio
2021-07-28 12:07:43 INFO  homepage:148 - The Auto suggestive dropdown shows:Trail111
2021-07-28 12:07:44 INFO  homepage:148 - The Auto suggestive dropdown shows:Trail222
2021-07-28 12:07:44 INFO  homepage:148 - The Auto suggestive dropdown shows:Trail Studio
2021-07-28 12:07:45 INFO  commonSteps:40 - Trail Studio
2021-07-28 12:07:45 INFO  studiodetailpagesteps:107 - 1609389982856-Kaithiaaaofficialateaseraaakarthiaaa
2021-07-28 12:08:38 INFO  homepage:142 - Sent Text in the Home Page is Trail Studio
2021-07-28 12:08:41 INFO  homepage:148 - The Auto suggestive dropdown shows:Trail111
2021-07-28 12:08:41 INFO  homepage:148 - The Auto suggestive dropdown shows:Trail222
2021-07-28 12:08:42 INFO  homepage:148 - The Auto suggestive dropdown shows:Trail Studio
2021-07-28 12:08:44 INFO  commonSteps:40 - Trail Studio
2021-07-28 12:08:51 INFO  studiodetailpagesteps:125 - sho2at28thapril
2021-07-28 12:08:52 INFO  studiodetailpagesteps:130 - sho2at28thapril
2021-07-28 12:12:21 INFO  homepage:142 - Sent Text in the Home Page is Trail Studio
2021-07-28 12:12:24 INFO  homepage:148 - The Auto suggestive dropdown shows:Trail111
2021-07-28 12:12:24 INFO  homepage:148 - The Auto suggestive dropdown shows:Trail222
2021-07-28 12:12:24 INFO  homepage:148 - The Auto suggestive dropdown shows:Trail Studio
2021-07-28 12:12:25 INFO  commonSteps:40 - Trail Studio
2021-07-28 12:12:25 INFO  studiodetailpagesteps:107 - 1609389982856-Kaithiaaaofficialateaseraaakarthiaaa
2021-07-28 12:12:36 INFO  studiodetailpagesteps:113 - 1609389982856-Kaithiaaaofficialateaseraaakarthiaaa
2021-07-28 12:12:58 INFO  homepage:142 - Sent Text in the Home Page is Trail Studio
2021-07-28 12:13:02 INFO  homepage:148 - The Auto suggestive dropdown shows:Trail111
2021-07-28 12:13:02 INFO  homepage:148 - The Auto suggestive dropdown shows:Trail222
2021-07-28 12:13:02 INFO  homepage:148 - The Auto suggestive dropdown shows:Trail Studio
2021-07-28 12:13:03 INFO  commonSteps:40 - Trail Studio
2021-07-28 12:13:06 INFO  studiodetailpagesteps:125 - sho2at28thapril
2021-07-28 12:13:07 INFO  studiodetailpagesteps:130 - sho2at28thapril
2021-07-28 12:49:34 INFO  homepage:142 - Sent Text in the Home Page is Trail Studio
2021-07-28 12:49:37 INFO  homepage:148 - The Auto suggestive dropdown shows:Trail111
2021-07-28 12:49:37 INFO  homepage:148 - The Auto suggestive dropdown shows:Trail222
2021-07-28 12:49:38 INFO  homepage:148 - The Auto suggestive dropdown shows:Trail Studio
2021-07-28 12:49:40 INFO  commonSteps:40 - Trail Studio
2021-07-28 12:49:40 INFO  studiodetailpagesteps:107 - 1609389982856-Kaithiaaaofficialateaseraaakarthiaaalokeshakanagarajaaasamacsaaadreamawarriorapicturesaaa4k
2021-07-28 12:50:27 INFO  homepage:142 - Sent Text in the Home Page is Trail Studio
2021-07-28 12:50:31 INFO  homepage:148 - The Auto suggestive dropdown shows:Trail111
2021-07-28 12:50:31 INFO  homepage:148 - The Auto suggestive dropdown shows:Trail222
2021-07-28 12:50:31 INFO  homepage:148 - The Auto suggestive dropdown shows:Trail Studio
2021-07-28 12:50:33 INFO  commonSteps:40 - Trail Studio
2021-07-28 12:52:56 INFO  homepage:142 - Sent Text in the Home Page is Trail Studio
2021-07-28 12:53:00 INFO  homepage:148 - The Auto suggestive dropdown shows:Trail111
2021-07-28 12:53:00 INFO  homepage:148 - The Auto suggestive dropdown shows:Trail222
2021-07-28 12:53:00 INFO  homepage:148 - The Auto suggestive dropdown shows:Trail Studio
2021-07-28 12:53:02 INFO  commonSteps:40 - Trail Studio
2021-07-28 12:53:02 INFO  studiodetailpagesteps:107 - 1609389982856-Kaithiaaaofficialateaseraaakarthiaaalokeshakanagarajaaasamacsaaadreamawarriorapicturesaaa4k
2021-07-28 12:53:52 INFO  homepage:142 - Sent Text in the Home Page is Trail Studio
2021-07-28 12:53:55 INFO  homepage:148 - The Auto suggestive dropdown shows:Trail111
2021-07-28 12:53:55 INFO  homepage:148 - The Auto suggestive dropdown shows:Trail222
2021-07-28 12:53:55 INFO  homepage:148 - The Auto suggestive dropdown shows:Trail Studio
2021-07-28 12:53:56 INFO  commonSteps:40 - Trail Studio
2021-07-28 18:34:45 INFO  homepage:142 - Sent Text in the Home Page is Trail Studio
2021-07-28 18:34:48 INFO  homepage:148 - The Auto suggestive dropdown shows:Trail111
2021-07-28 18:34:48 INFO  homepage:148 - The Auto suggestive dropdown shows:Trail222
2021-07-28 18:34:49 INFO  homepage:148 - The Auto suggestive dropdown shows:Trail Studio
2021-07-28 18:34:50 INFO  commonSteps:40 - Trail Studio
2021-07-28 18:34:50 INFO  studiodetailpagesteps:107 - 1609389982856-Kaithiaaaofficialateaseraaakarthiaaalokeshakanagarajaaasamacsaaadreamawarriorapicturesaaa4k
2021-07-28 18:38:24 INFO  homepage:142 - Sent Text in the Home Page is Sameer
2021-07-28 18:38:27 INFO  homepage:148 - The Auto suggestive dropdown shows:Sameer2
2021-07-28 18:38:27 INFO  homepage:148 - The Auto suggestive dropdown shows:SameerMmm
2021-07-28 18:38:27 INFO  homepage:148 - The Auto suggestive dropdown shows:Sameer'S
2021-07-28 18:38:27 INFO  homepage:148 - The Auto suggestive dropdown shows:Sameer Shaik Studio
2021-07-28 18:38:27 INFO  homepage:148 - The Auto suggestive dropdown shows:Sameer Smart
2021-07-28 18:38:27 INFO  homepage:148 - The Auto suggestive dropdown shows:Sameer Shaik Studiosss
2021-07-28 18:41:47 INFO  homepage:142 - Sent Text in the Home Page is Sameer
2021-07-28 18:41:51 INFO  homepage:148 - The Auto suggestive dropdown shows:Sameer2
2021-07-28 18:41:51 INFO  homepage:148 - The Auto suggestive dropdown shows:Sameer'S
2021-07-28 18:41:51 INFO  homepage:148 - The Auto suggestive dropdown shows:Sameer Smart
2021-07-28 18:41:51 INFO  homepage:148 - The Auto suggestive dropdown shows:SameerR
2021-07-28 18:41:51 INFO  homepage:148 - The Auto suggestive dropdown shows:Sameer
2021-07-28 18:41:52 INFO  commonSteps:40 - Sameer
2021-07-28 18:41:52 INFO  studiodetailpagesteps:107 - Kung Fu Panda (2008)
2021-07-28 18:42:03 INFO  studiodetailpagesteps:113 - Kung Fu Panda (2008)
2021-07-28 18:42:26 INFO  homepage:142 - Sent Text in the Home Page is Sameer
2021-07-28 18:42:29 INFO  homepage:148 - The Auto suggestive dropdown shows:Sameer2
2021-07-28 18:42:29 INFO  homepage:148 - The Auto suggestive dropdown shows:Sameer'S
2021-07-28 18:42:29 INFO  homepage:148 - The Auto suggestive dropdown shows:Sameer Smart
2021-07-28 18:42:29 INFO  homepage:148 - The Auto suggestive dropdown shows:SameerR
2021-07-28 18:42:29 INFO  homepage:148 - The Auto suggestive dropdown shows:Sameer
2021-07-28 18:42:30 INFO  commonSteps:40 - Sameer
2021-07-28 18:42:35 INFO  studiodetailpagesteps:125 - Papam
2021-07-28 18:45:29 INFO  homepage:142 - Sent Text in the Home Page is Sameer
2021-07-28 18:45:32 INFO  homepage:148 - The Auto suggestive dropdown shows:Sameer2
2021-07-28 18:45:32 INFO  homepage:148 - The Auto suggestive dropdown shows:Sameer'S
2021-07-28 18:45:32 INFO  homepage:148 - The Auto suggestive dropdown shows:Sameer Smart
2021-07-28 18:45:33 INFO  homepage:148 - The Auto suggestive dropdown shows:SameerR
2021-07-28 18:45:33 INFO  homepage:148 - The Auto suggestive dropdown shows:Sameer
2021-07-28 18:45:34 INFO  commonSteps:40 - Sameer
2021-07-28 18:45:34 INFO  studiodetailpagesteps:107 - Kung Fu Panda (2008)
2021-07-28 18:45:45 INFO  studiodetailpagesteps:113 - Kung Fu Panda (2008)
2021-07-28 18:46:12 INFO  homepage:142 - Sent Text in the Home Page is Sameer
2021-07-28 18:46:15 INFO  homepage:148 - The Auto suggestive dropdown shows:Sameer2
2021-07-28 18:46:15 INFO  homepage:148 - The Auto suggestive dropdown shows:Sameer'S
2021-07-28 18:46:15 INFO  homepage:148 - The Auto suggestive dropdown shows:Sameer Smart
2021-07-28 18:46:15 INFO  homepage:148 - The Auto suggestive dropdown shows:SameerR
2021-07-28 18:46:15 INFO  homepage:148 - The Auto suggestive dropdown shows:Sameer
2021-07-28 18:46:16 INFO  commonSteps:40 - Sameer
2021-07-28 18:46:23 INFO  studiodetailpagesteps:125 - Papam
2021-07-28 18:47:53 INFO  homepage:142 - Sent Text in the Home Page is Sameer
2021-07-28 18:47:56 INFO  homepage:148 - The Auto suggestive dropdown shows:Sameer2
2021-07-28 18:47:56 INFO  homepage:148 - The Auto suggestive dropdown shows:Sameer'S
2021-07-28 18:47:56 INFO  homepage:148 - The Auto suggestive dropdown shows:Sameer Smart
2021-07-28 18:47:56 INFO  homepage:148 - The Auto suggestive dropdown shows:SameerR
2021-07-28 18:47:56 INFO  homepage:148 - The Auto suggestive dropdown shows:Sameer
2021-07-28 18:47:57 INFO  commonSteps:40 - Sameer
2021-07-28 18:47:57 INFO  studiodetailpagesteps:107 - Kung Fu Panda (2008)
2021-07-28 18:49:41 INFO  homepage:142 - Sent Text in the Home Page is Sameer
2021-07-28 18:49:44 INFO  homepage:148 - The Auto suggestive dropdown shows:Sameer2
2021-07-28 18:49:44 INFO  homepage:148 - The Auto suggestive dropdown shows:Sameer'S
2021-07-28 18:49:44 INFO  homepage:148 - The Auto suggestive dropdown shows:Sameer Smart
2021-07-28 18:49:44 INFO  homepage:148 - The Auto suggestive dropdown shows:SameerR
2021-07-28 18:49:44 INFO  homepage:148 - The Auto suggestive dropdown shows:Sameer
2021-07-28 18:49:46 INFO  commonSteps:40 - Sameer
2021-07-28 18:49:46 INFO  studiodetailpagesteps:107 - Kung Fu Panda (2008)
2021-07-28 18:49:56 INFO  studiodetailpagesteps:113 - Kung Fu Panda (2008)
2021-07-28 18:50:18 INFO  homepage:142 - Sent Text in the Home Page is Sameer
2021-07-28 18:50:22 INFO  homepage:148 - The Auto suggestive dropdown shows:Sameer2
2021-07-28 18:50:22 INFO  homepage:148 - The Auto suggestive dropdown shows:Sameer'S
2021-07-28 18:50:22 INFO  homepage:148 - The Auto suggestive dropdown shows:Sameer Smart
2021-07-28 18:50:22 INFO  homepage:148 - The Auto suggestive dropdown shows:SameerR
2021-07-28 18:50:22 INFO  homepage:148 - The Auto suggestive dropdown shows:Sameer
2021-07-28 18:50:23 INFO  commonSteps:40 - Sameer
2021-07-28 18:50:28 INFO  studiodetailpagesteps:125 - Papam
2021-07-28 18:52:47 INFO  homepage:142 - Sent Text in the Home Page is Sameer
2021-07-28 18:52:50 INFO  homepage:148 - The Auto suggestive dropdown shows:Sameer2
2021-07-28 18:52:50 INFO  homepage:148 - The Auto suggestive dropdown shows:Sameer'S
2021-07-28 18:52:50 INFO  homepage:148 - The Auto suggestive dropdown shows:Sameer Smart
2021-07-28 18:52:50 INFO  homepage:148 - The Auto suggestive dropdown shows:SameerR
2021-07-28 18:52:50 INFO  homepage:148 - The Auto suggestive dropdown shows:Sameer
2021-07-28 18:52:51 INFO  commonSteps:40 - Sameer
2021-07-28 18:52:52 INFO  studiodetailpagesteps:107 - Kung Fu Panda (2008)
2021-07-28 18:53:02 INFO  studiodetailpagesteps:113 - Kung Fu Panda (2008)
2021-07-28 18:53:24 INFO  homepage:142 - Sent Text in the Home Page is Sameer
2021-07-28 18:53:27 INFO  homepage:148 - The Auto suggestive dropdown shows:Sameer2
2021-07-28 18:53:27 INFO  homepage:148 - The Auto suggestive dropdown shows:Sameer'S
2021-07-28 18:53:27 INFO  homepage:148 - The Auto suggestive dropdown shows:Sameer Smart
2021-07-28 18:53:27 INFO  homepage:148 - The Auto suggestive dropdown shows:SameerR
2021-07-28 18:53:27 INFO  homepage:148 - The Auto suggestive dropdown shows:Sameer
2021-07-28 18:53:29 INFO  commonSteps:40 - Sameer
2021-07-28 18:53:29 INFO  studiodetailpagesteps:125 - Papam
2021-07-28 18:55:30 INFO  homepage:142 - Sent Text in the Home Page is Sameer
2021-07-28 18:55:33 INFO  homepage:148 - The Auto suggestive dropdown shows:Sameer2
2021-07-28 18:55:33 INFO  homepage:148 - The Auto suggestive dropdown shows:Sameer'S
2021-07-28 18:55:33 INFO  homepage:148 - The Auto suggestive dropdown shows:Sameer Smart
2021-07-28 18:55:33 INFO  homepage:148 - The Auto suggestive dropdown shows:SameerR
2021-07-28 18:55:33 INFO  homepage:148 - The Auto suggestive dropdown shows:Sameer
2021-07-28 18:55:34 INFO  commonSteps:40 - Sameer
2021-07-28 18:55:34 INFO  studiodetailpagesteps:107 - Kung Fu Panda (2008)
2021-07-28 18:55:45 INFO  studiodetailpagesteps:113 - Kung Fu Panda (2008)
2021-07-28 18:56:07 INFO  homepage:142 - Sent Text in the Home Page is Sameer
2021-07-28 18:56:10 INFO  homepage:148 - The Auto suggestive dropdown shows:Sameer2
2021-07-28 18:56:10 INFO  homepage:148 - The Auto suggestive dropdown shows:Sameer'S
2021-07-28 18:56:10 INFO  homepage:148 - The Auto suggestive dropdown shows:Sameer Smart
2021-07-28 18:56:10 INFO  homepage:148 - The Auto suggestive dropdown shows:SameerR
2021-07-28 18:56:10 INFO  homepage:148 - The Auto suggestive dropdown shows:Sameer
2021-07-28 18:56:12 INFO  commonSteps:40 - Sameer
2021-07-28 18:56:12 INFO  studiodetailpagesteps:125 - Papam
2021-07-28 18:56:13 INFO  studiodetailpagesteps:128 - Papam
2021-07-29 11:29:09 INFO  homepage:142 - Sent Text in the Home Page is Talent
2021-07-29 11:29:13 INFO  homepage:148 - The Auto suggestive dropdown shows:Talent
2021-07-29 11:29:14 INFO  commonSteps:49 - Talent
2021-07-29 11:29:16 INFO  paywallsteps:41 - Clicking on the add to watchlist button
2021-07-29 11:29:22 INFO  homepage:142 - Sent Text in the Home Page is Talent
2021-07-29 11:29:26 INFO  homepage:148 - The Auto suggestive dropdown shows:Talent
2021-07-29 11:29:27 INFO  commonSteps:49 - Talent
2021-07-29 11:29:36 INFO  homepage:142 - Sent Text in the Home Page is Talent
2021-07-29 11:29:40 INFO  homepage:148 - The Auto suggestive dropdown shows:Talent
2021-07-29 11:29:41 INFO  commonSteps:49 - Talent
2021-07-29 11:29:47 INFO  homepage:142 - Sent Text in the Home Page is Talent
2021-07-29 11:29:50 INFO  homepage:148 - The Auto suggestive dropdown shows:Talent
2021-07-29 11:29:51 INFO  commonSteps:49 - Talent
2021-07-29 11:29:56 INFO  homepage:142 - Sent Text in the Home Page is Talent
2021-07-29 11:30:00 INFO  homepage:148 - The Auto suggestive dropdown shows:Talent
2021-07-29 11:30:01 INFO  commonSteps:49 - Talent
2021-07-29 11:30:07 INFO  homepage:142 - Sent Text in the Home Page is santii's studio
2021-07-29 11:30:11 INFO  homepage:148 - The Auto suggestive dropdown shows:Santii'S Studio
2021-07-29 11:30:12 INFO  commonSteps:40 - Santii's Studio
2021-07-29 11:30:22 INFO  homepage:142 - Sent Text in the Home Page is Sameer
2021-07-29 11:30:25 INFO  homepage:148 - The Auto suggestive dropdown shows:Sameer2
2021-07-29 11:30:25 INFO  homepage:148 - The Auto suggestive dropdown shows:Sameer'S
2021-07-29 11:30:25 INFO  homepage:148 - The Auto suggestive dropdown shows:Sameer Smart
2021-07-29 11:30:25 INFO  homepage:148 - The Auto suggestive dropdown shows:SameerR
2021-07-29 11:30:25 INFO  homepage:148 - The Auto suggestive dropdown shows:Sameer
2021-07-29 11:30:27 INFO  commonSteps:40 - Sameer
